<?xml version="1.0" encoding="UTF-8"?>
<!-- Generated by org.testng.reporters.JUnitXMLReporter -->
<testsuite ignored="0" hostname="Macs-MacBook-Pro.local" failures="0" tests="2" name="Test Grammerly On Safari" time="40.654" errors="0" timestamp="2023-10-16T14:15:08 IST">
  <testcase classname="TestClass.TestProp" name="run" time="3.44"/>
  <testcase classname="TestClass.TestProp" name="check" time="0.0">
    <skipped/>
  </testcase> <!-- check -->
</testsuite> <!-- Test Grammerly On Safari -->
